<?xml version="1.0" encoding="UTF-8"?>
<!-- Generated by org.testng.reporters.JUnitReportReporter -->
<testsuite hostname="SAMPATHKUMAR-S" failures="0" tests="1" name="Raju.Multidimensional" time="0.011" errors="0" timestamp="2025-07-14T22:09:58 IST" skipped="0">
  <testcase classname="Raju.Multidimensional" name="Array" time="0.011"/>
</testsuite> <!-- Raju.Multidimensional -->
