<?xml version="1.0" encoding="UTF-8"?>
<!-- Generated by org.testng.reporters.JUnitReportReporter -->
<testsuite hostname="SAMPATHKUMAR-S" failures="0" tests="2" name="Raju.AppiumTest" time="0.010" errors="0" timestamp="2025-07-24T21:45:16 IST" skipped="0">
  <testcase classname="Raju.AppiumTest" name="NativeAppAndroid" time="0.009"/>
  <testcase classname="Raju.AppiumTest" name="iphone" time="0.001"/>
</testsuite> <!-- Raju.AppiumTest -->
